<?xml version="1.0" encoding="UTF-8"?>
<!-- Generated by org.testng.reporters.JUnitReportReporter -->
<testsuite hostname="bhagyak" failures="0" tests="4" name="testngTestcases.BrowserCompatibility" time="18.802" errors="0" timestamp="2024-10-21T15:00:16 IST" skipped="0">
  <testcase classname="testngTestcases.BrowserCompatibility" name="doLogin" time="5.685">
    <system-out>
      <![CDATA[Test has been started: doLogin
Testcase passed: doLogin]]>
    </system-out>
  </testcase> <!-- doLogin -->
  <testcase classname="testngTestcases.BrowserCompatibility" name="doLogin" time="5.767">
    <system-out>
      <![CDATA[Test has been started: doLogin
Testcase passed: doLogin]]>
    </system-out>
  </testcase> <!-- doLogin -->
  <testcase classname="testngTestcases.BrowserCompatibility" name="doLogin" time="3.431">
    <system-out>
      <![CDATA[Test has been started: doLogin
Testcase passed: doLogin]]>
    </system-out>
  </testcase> <!-- doLogin -->
  <testcase classname="testngTestcases.BrowserCompatibility" name="doLogin" time="3.919">
    <system-out>
      <![CDATA[Test has been started: doLogin
Testcase passed: doLogin]]>
    </system-out>
  </testcase> <!-- doLogin -->
  <system-out>
    <![CDATA[Test has been started: doLogin
Testcase passed: doLogin
Test has been started: doLogin
Testcase passed: doLogin
Test has been started: doLogin
Testcase passed: doLogin
Test has been started: doLogin
Testcase passed: doLogin]]>
  </system-out>
</testsuite> <!-- testngTestcases.BrowserCompatibility -->
