<?xml version="1.0" encoding="UTF-8"?>
<!-- Generated by org.testng.reporters.JUnitReportReporter -->
<testsuite hostname="EPINHYDW0B79" failures="0" tests="2" name="testngTestcases.Testcase1" time="0.031" errors="0" timestamp="2024-10-17T12:38:10 IST" skipped="0">
  <testcase classname="testngTestcases.Testcase1" name="doUserReg" time="0.021"/>
  <testcase classname="testngTestcases.Testcase1" name="doLogin" time="0.010"/>
</testsuite> <!-- testngTestcases.Testcase1 -->
