<?xml version="1.0" encoding="UTF-8"?>
<!-- Generated by org.testng.reporters.JUnitReportReporter -->
<testsuite hostname="EPINHYDW0B79" failures="0" tests="2" name="testngTestcases.Testcase1" time="0.024" errors="0" timestamp="2024-10-18T16:36:23 IST" skipped="0">
  <testcase classname="testngTestcases.Testcase1" name="doUserReg" time="0.017">
    <system-out>
      <![CDATA[Inside User Reg Test --  Testcase 1]]>
    </system-out>
  </testcase> <!-- doUserReg -->
  <testcase classname="testngTestcases.Testcase1" name="doLogin" time="0.007">
    <system-out>
      <![CDATA[Inside Login Test --  Testcase 1
<a href="C:\Users\Bhagya_Kudupudi\Desktop\newyear.png" target="blank">Screenshot link</a>
<br>
<a href="C:\Users\Bhagya_Kudupudi\Desktop\newyear.png" target="blank"><img src="C:\Users\Bhagya_Kudupudi\Desktop\newyear.png" width=200 height=200 /></a>]]>
    </system-out>
  </testcase> <!-- doLogin -->
  <system-out>
    <![CDATA[Inside User Reg Test --  Testcase 1
Inside Login Test --  Testcase 1
<a href="C:\Users\Bhagya_Kudupudi\Desktop\newyear.png" target="blank">Screenshot link</a>
<br>
<a href="C:\Users\Bhagya_Kudupudi\Desktop\newyear.png" target="blank"><img src="C:\Users\Bhagya_Kudupudi\Desktop\newyear.png" width=200 height=200 /></a>
Soft Assert --  Testcase 2]]>
  </system-out>
</testsuite> <!-- testngTestcases.Testcase1 -->
