<?xml version="1.0" encoding="UTF-8"?>
<!-- Generated by org.testng.reporters.JUnitReportReporter -->
<testsuite hostname="bhagyak" failures="0" tests="3" name="seleniumgrid.SeleniumGridDemo" time="41.734" errors="0" timestamp="2024-11-20T14:06:45 IST" skipped="0">
  <testcase classname="seleniumgrid.SeleniumGridDemo" name="launchBrowser" time="11.106">
    <system-out>
      <![CDATA[Test case started: launchBrowser
Test case passed: launchBrowser]]>
    </system-out>
  </testcase> <!-- launchBrowser -->
  <testcase classname="seleniumgrid.SeleniumGridDemo" name="launchBrowser" time="20.251">
    <system-out>
      <![CDATA[Test case started: launchBrowser
Test case passed: launchBrowser]]>
    </system-out>
  </testcase> <!-- launchBrowser -->
  <testcase classname="seleniumgrid.SeleniumGridDemo" name="launchBrowser" time="10.377">
    <system-out>
      <![CDATA[Test case started: launchBrowser
Test case passed: launchBrowser]]>
    </system-out>
  </testcase> <!-- launchBrowser -->
  <system-out>
    <![CDATA[Test case started: launchBrowser
Test case started: launchBrowser
Test case started: launchBrowser
Test case passed: launchBrowser
Test case passed: launchBrowser
Test case passed: launchBrowser]]>
  </system-out>
</testsuite> <!-- seleniumgrid.SeleniumGridDemo -->
