<?xml version="1.0" encoding="UTF-8"?>
<!-- Generated by org.testng.reporters.JUnitReportReporter -->
<testsuite hostname="bhagyak" failures="0" tests="3" name="rough.DataProviderDemo" time="11.755" errors="0" timestamp="2024-10-29T21:15:34 IST" skipped="0">
  <testcase classname="rough.DataProviderDemo" name="doLogin" time="3.701"/>
  <testcase classname="rough.DataProviderDemo" name="doLogin" time="3.881"/>
  <testcase classname="rough.DataProviderDemo" name="doLogin" time="4.173"/>
</testsuite> <!-- rough.DataProviderDemo -->
