<?xml version="1.0" encoding="UTF-8"?>
<!-- Generated by org.testng.reporters.JUnitReportReporter -->
<testsuite hostname="bhagyak" failures="0" tests="1" name="testngTestcases.Testcase1" time="0.009" errors="0" timestamp="2024-10-22T17:13:21 IST" skipped="0">
  <testcase classname="testngTestcases.Testcase1" name="doUserReg" time="0.009">
    <system-out>
      <![CDATA[Test case started: doUserReg
Inside User Reg Test --  Testcase 1
Test case passed: doUserReg]]>
    </system-out>
  </testcase> <!-- doUserReg -->
  <system-out>
    <![CDATA[Test case started: doUserReg
Inside User Reg Test --  Testcase 1
Test case passed: doUserReg
Test case started: SecondTest
Test case passed: SecondTest]]>
  </system-out>
</testsuite> <!-- testngTestcases.Testcase1 -->
