<?xml version="1.0" encoding="UTF-8"?>
<!-- Generated by org.testng.reporters.JUnitReportReporter -->
<testsuite hostname="bhagyak" failures="0" tests="4" name="testngTestcases.Parameterization" time="22.958" errors="0" timestamp="2024-10-22T17:47:32 IST" skipped="0">
  <testcase classname="testngTestcases.Parameterization" name="doUser" time="7.657">
    <system-out>
      <![CDATA[Test case started: doUser
Test case passed: doUser]]>
    </system-out>
  </testcase> <!-- doUser -->
  <testcase classname="testngTestcases.Parameterization" name="doLogin" time="8.766">
    <system-out>
      <![CDATA[Test case started: doLogin
Test case passed: doLogin]]>
    </system-out>
  </testcase> <!-- doLogin -->
  <testcase classname="testngTestcases.Parameterization" name="doUser" time="3.126">
    <system-out>
      <![CDATA[Test case started: doUser
Test case passed: doUser]]>
    </system-out>
  </testcase> <!-- doUser -->
  <testcase classname="testngTestcases.Parameterization" name="doLogin" time="3.409">
    <system-out>
      <![CDATA[Test case started: doLogin
Test case passed: doLogin]]>
    </system-out>
  </testcase> <!-- doLogin -->
  <system-out>
    <![CDATA[Test case started: doLogin
Test case passed: doLogin
Test case started: doUser
Test case passed: doUser
Test case started: doLogin
Test case passed: doLogin
Test case started: doUser
Test case passed: doUser]]>
  </system-out>
</testsuite> <!-- testngTestcases.Parameterization -->
