<?xml version="1.0" encoding="UTF-8"?>
<!-- Generated by org.testng.reporters.JUnitReportReporter -->
<testsuite hostname="bhagyak" failures="0" tests="3" name="testngTestcases.DataProviderDemo" time="10.504" errors="0" timestamp="2024-10-27T08:17:58 IST" skipped="0">
  <testcase classname="testngTestcases.DataProviderDemo" name="doLogin" time="3.806"/>
  <testcase classname="testngTestcases.DataProviderDemo" name="doLogin" time="3.460"/>
  <testcase classname="testngTestcases.DataProviderDemo" name="doLogin" time="3.238"/>
</testsuite> <!-- testngTestcases.DataProviderDemo -->
