<?xml version="1.0" encoding="UTF-8"?>
<!-- Generated by org.testng.reporters.JUnitReportReporter -->
<testsuite hostname="bhagyak" failures="0" tests="2" name="testngTestcases.DataProviderDemo" time="19.797" errors="0" timestamp="2024-11-05T12:38:26 IST" skipped="0">
  <testcase classname="testngTestcases.DataProviderDemo" name="doLogin" time="13.829"/>
  <testcase classname="testngTestcases.DataProviderDemo" name="doLogin" time="5.968"/>
</testsuite> <!-- testngTestcases.DataProviderDemo -->
