<?xml version="1.0" encoding="UTF-8"?>
<!-- Generated by org.testng.reporters.JUnitReportReporter -->
<testsuite hostname="bhagyak" failures="0" tests="2" name="testngTestcases.Testcase1" time="0.016" errors="0" timestamp="2024-10-21T16:31:13 IST" skipped="0">
  <testcase classname="testngTestcases.Testcase1" name="doUserReg" time="0.011">
    <system-out>
      <![CDATA[Inside User Reg Test --  Testcase 1]]>
    </system-out>
  </testcase> <!-- doUserReg -->
  <testcase classname="testngTestcases.Testcase1" name="doLogin" time="0.005"/>
  <system-out>
    <![CDATA[Inside User Reg Test --  Testcase 1
Soft Assert --  Testcase 2]]>
  </system-out>
</testsuite> <!-- testngTestcases.Testcase1 -->
