<?xml version="1.0" encoding="UTF-8"?>
<!-- Generated by org.testng.reporters.JUnitReportReporter -->
<testsuite hostname="bhagyak" failures="0" tests="1" name="testngTestcases.GroupingDemo" time="0.001" errors="0" timestamp="2024-10-22T17:13:21 IST" skipped="0">
  <testcase classname="testngTestcases.GroupingDemo" name="SecondTest" time="0.001">
    <system-out>
      <![CDATA[Test case started: SecondTest
Test case passed: SecondTest]]>
    </system-out>
  </testcase> <!-- SecondTest -->
  <system-out>
    <![CDATA[Test case started: doUserReg
Inside User Reg Test --  Testcase 1
Test case passed: doUserReg
Test case started: SecondTest
Test case passed: SecondTest]]>
  </system-out>
</testsuite> <!-- testngTestcases.GroupingDemo -->
