<?xml version="1.0" encoding="UTF-8"?>
<!-- Generated by org.testng.reporters.JUnitReportReporter -->
<testsuite hostname="bhagyak" failures="0" tests="2" name="testngTestcases.Testcase1" time="0.014" errors="0" timestamp="2024-10-21T14:20:49 IST" skipped="0">
  <testcase classname="testngTestcases.Testcase1" name="doUserReg" time="0.011">
    <system-out>
      <![CDATA[Test has been started: doUserReg
Inside User Reg Test --  Testcase 1
Testcase passed: doUserReg]]>
    </system-out>
  </testcase> <!-- doUserReg -->
  <testcase classname="testngTestcases.Testcase1" name="doLogin" time="0.003">
    <system-out>
      <![CDATA[Test has been started: doLogin
Testcase passed: doLogin]]>
    </system-out>
  </testcase> <!-- doLogin -->
  <system-out>
    <![CDATA[Test has been started: doUserReg
Inside User Reg Test --  Testcase 1
Testcase passed: doUserReg
Test has been started: doLogin
Testcase passed: doLogin
Test has been started: verifyTitle
Soft Assert --  Testcase 2
Test Failed: verifyTitle
<a href="C:\Users\91733\OneDrive\Desktop\new.png" target="blank">Screenshot link</a>
<br>
<a href="C:\Users\91733\OneDrive\Desktop\new.png" target="blank"><img src="C:\Users\91733\OneDrive\Desktop\new.png" width=200 height=200 /></a>
Test has been started: doSkip
Test has been started: doUserReg
Test Failed: doUserReg
<a href="C:\Users\91733\OneDrive\Desktop\new.png" target="blank">Screenshot link</a>
<br>
<a href="C:\Users\91733\OneDrive\Desktop\new.png" target="blank"><img src="C:\Users\91733\OneDrive\Desktop\new.png" width=200 height=200 /></a>]]>
  </system-out>
</testsuite> <!-- testngTestcases.Testcase1 -->
